
> retail-app-frontend@0.1.0 dev
> vite --host 127.0.0.1 --port 5173


  [32m[1mVITE[22m v5.4.21[39m  [2mready in [0m[1m271[22m[2m[0m ms[22m

  [32m➜[39m  [1mLocal[22m:   [36mhttp://127.0.0.1:[1m5173[22m/[39m
[2m7:29:39 AM[22m [36m[1m[vite][22m[39m [32mhmr update [39m[2m/src/pages/OrdersPage.tsx, /src/index.css[22m
[2m7:37:04 AM[22m [36m[1m[vite][22m[39m [32mhmr update [39m[2m/src/pages/CategoriesPage.tsx, /src/index.css[22m
[2m7:38:36 AM[22m [36m[1m[vite][22m[39m [32mhmr update [39m[2m/src/pages/ProductsPage.tsx, /src/index.css[22m
[2m7:38:37 AM[22m [36m[1m[vite][22m[39m [32mhmr update [39m[2m/src/pages/CustomersPage.tsx, /src/index.css[22m
[2m7:47:15 AM[22m [36m[1m[vite][22m[39m [32mhmr update [39m[2m/src/pages/PreordersPage.tsx, /src/index.css[22m
[2m7:47:17 AM[22m [36m[1m[vite][22m[39m [32mhmr update [39m[2m/src/pages/SalesPage.tsx, /src/index.css[22m
[2m8:11:01 AM[22m [36m[1m[vite][22m[39m [32mhmr update [39m[2m/src/App.tsx, /src/index.css[22m
[2m8:11:46 AM[22m [36m[1m[vite][22m[39m [32mhmr update [39m[2m/src/components/layout/Sidebar.tsx, /src/index.css[22m
[2m8:13:14 AM[22m [36m[1m[vite][22m[39m [32mhmr update [39m[2m/src/components/layout/Topbar.tsx, /src/index.css[22m
[2m8:21:42 AM[22m [36m[1m[vite][22m[39m [32mhmr update [39m[2m/src/components/layout/Topbar.tsx, /src/index.css[22m
[2m8:21:44 AM[22m [36m[1m[vite][22m[39m [32mhmr update [39m[2m/src/components/layout/Sidebar.tsx, /src/index.css[22m
[2m8:21:48 AM[22m [36m[1m[vite][22m[39m [32mhmr update [39m[2m/src/App.tsx, /src/index.css[22m
[2m8:22:13 AM[22m [36m[1m[vite][22m[39m [32mhmr update [39m[2m/src/components/layout/Sidebar.tsx, /src/index.css[22m
[2m8:45:20 AM[22m [36m[1m[vite][22m[39m [32mhmr update [39m[2m/src/pages/UsersPage.tsx, /src/index.css[22m
[2m8:45:34 AM[22m [36m[1m[vite][22m[39m [32mhmr update [39m[2m/src/pages/UsersPage.tsx, /src/index.css[22m
[2m8:52:58 AM[22m [36m[1m[vite][22m[39m [32mhmr update [39m[2m/src/App.tsx, /src/index.css[22m
[2m8:52:59 AM[22m [36m[1m[vite][22m[39m [32mhmr update [39m[2m/src/components/layout/Topbar.tsx, /src/index.css[22m
[2m8:54:10 AM[22m [36m[1m[vite][22m[39m [32mhmr update [39m[2m/src/components/layout/Sidebar.tsx, /src/index.css[22m
[2m9:01:12 AM[22m [36m[1m[vite][22m[39m [32mhmr update [39m[2m/src/index.css, /src/pages/SettingsPage.tsx, /src/components/layout/Sidebar.tsx[22m
[2m9:01:47 AM[22m [36m[1m[vite][22m[39m [32mhmr update [39m[2m/src/pages/LoginPage.tsx, /src/index.css[22m
